#
# There is insufficient memory for the Java Runtime Environment to continue.
# Native memory allocation (mmap) failed to map 13631488 bytes for Failed to commit area from 0x00000000c5900000 to 0x00000000c6600000 of length 13631488.
# Possible reasons:
#   The system is out of physical RAM or swap space
#   The process is running with CompressedOops enabled, and the Java Heap may be blocking the growth of the native heap
# Possible solutions:
#   Reduce memory load on the system
#   Increase physical memory or swap space
#   Check if swap backing store is full
#   Decrease Java heap size (-Xmx/-Xms)
#   Decrease number of Java threads
#   Decrease Java thread stack sizes (-Xss)
#   Set larger code cache with -XX:ReservedCodeCacheSize=
#   JVM is running with Unscaled Compressed Oops mode in which the Java heap is
#     placed in the first 4GB address space. The Java Heap base address is the
#     maximum limit for the native heap growth. Please use -XX:HeapBaseMinAddress
#     to set the Java Heap base and to place the Java Heap above 4GB virtual address.
# This output file may be truncated or incomplete.
#
#  Out of Memory Error (./open/src/hotspot/os/windows/os_windows.cpp:3315), pid=23816, tid=58148
#
# JRE version: OpenJDK Runtime Environment (14.0.2+12) (build 14.0.2+12-46)
# Java VM: OpenJDK 64-Bit Server VM (14.0.2+12-46, mixed mode, tiered, compressed oops, g1 gc, windows-amd64)
# No core dump will be written. Minidumps are not enabled by default on client versions of Windows
#

---------------  S U M M A R Y ------------

Command Line: -Dcom.sun.management.jmxremote -Dcom.sun.management.jmxremote.port=11435 -Dcom.sun.management.jmxremote.authenticate=false -Dcom.sun.management.jmxremote.ssl=false -Djava.rmi.server.hostname=localhost -Dspring.jmx.enabled=true -Dspring.application.admin.enabled=true -Xverify:none -XX:TieredStopAtLevel=1 -Dspring.boot.project.name=paaspay -Dfile.encoding=UTF-8 -XX:+ShowCodeDetailsInExceptionMessages passway.technology.paaspay.PaaspayApplication --spring.output.ansi.enabled=always

Host: Intel(R) Core(TM) i5-5300U CPU @ 2.30GHz, 4 cores, 3G,  Windows 10 , 64 bit Build 18362 (10.0.18362.1316)
Time: Mon Feb 15 16:44:49 2021 E. Africa Standard Time elapsed time: 5 seconds (0d 0h 0m 5s)

---------------  T H R E A D  ---------------

Current thread (0x000002acfcc26000):  VMThread "VM Thread" [stack: 0x000000d05b400000,0x000000d05b500000] [id=58148]

Stack: [0x000000d05b400000,0x000000d05b500000]
[error occurred during error reporting (printing stack bounds), id 0xc0000005, EXCEPTION_ACCESS_VIOLATION (0xc0000005) at pc=0x000002ace92310ad]

Native frames: (J=compiled Java code, j=interpreted, Vv=VM code, C=native code)
V  [jvm.dll+0x5f8a9a]
V  [jvm.dll+0x74247a]
V  [jvm.dll+0x743c2f]
V  [jvm.dll+0x7441d5]
V  [jvm.dll+0x74418b]
V  [jvm.dll+0x5f7f6f]
V  [jvm.dll+0x5f8738]
C  [ntdll.dll+0xa184f]
C  [ntdll.dll+0x6a889]
C  [ntdll.dll+0xa04be]
C  0x000002ace92310ad

VM_Operation (0x000000d05aefd320): G1CollectForAllocation, mode: safepoint, requested by thread 0x000002ace557f000


---------------  P R O C E S S  ---------------

Threads class SMR info:
_java_thread_list=0x000002acff014a60, length=17, elements={
0x000002ace557f000, 0x000002acfcc3d800, 0x000002acfcc3e000, 0x000002acfd580800,
0x000002acfd582000, 0x000002acfd587000, 0x000002acfd589800, 0x000002acfd58f000,
0x000002ace563d800, 0x000002acfd743800, 0x000002acfddb4000, 0x000002acfddfa000,
0x000002acfddfb000, 0x000002acfdf78000, 0x000002acfdfa1800, 0x000002acfdf7e800,
0x000002acfecad000
}
_to_delete_list=0x000002acff218890, length=18, elements={
0x000002ace557f000, 0x000002acfcc3d800, 0x000002acfcc3e000, 0x000002acfd580800,
0x000002acfd582000, 0x000002acfd587000, 0x000002acfd589800, 0x000002acfd58f000,
0x000002ace563d800, 0x000002acfd743800, 0x000002acfddb4000, 0x000002acfddfa000,
0x000002acfddfb000, 0x000002acfdf78000, 0x000002acfdfa1800, 0x000002acfdf7e800,
0x000002acfecad000, 0x000002acff271000
}

Java Threads: ( => current thread )
  0x000002ace557f000 JavaThread "main" [_thread_blocked, id=59204, stack(0x000000d05ae00000,0x000000d05af00000)]
  0x000002acfcc3d800 JavaThread "Reference Handler" daemon [_thread_blocked, id=26028, stack(0x000000d05b500000,0x000000d05b600000)]
  0x000002acfcc3e000 JavaThread "Finalizer" daemon [_thread_blocked, id=71672, stack(0x000000d05b600000,0x000000d05b700000)]
  0x000002acfd580800 JavaThread "Signal Dispatcher" daemon [_thread_blocked, id=71988, stack(0x000000d05b700000,0x000000d05b800000)]
  0x000002acfd582000 JavaThread "Attach Listener" daemon [_thread_blocked, id=24236, stack(0x000000d05b800000,0x000000d05b900000)]
  0x000002acfd587000 JavaThread "Service Thread" daemon [_thread_blocked, id=69144, stack(0x000000d05b900000,0x000000d05ba00000)]
  0x000002acfd589800 JavaThread "C1 CompilerThread0" daemon [_thread_blocked, id=61736, stack(0x000000d05ba00000,0x000000d05bb00000)]
  0x000002acfd58f000 JavaThread "Sweeper thread" daemon [_thread_blocked, id=63916, stack(0x000000d05bb00000,0x000000d05bc00000)]
  0x000002ace563d800 JavaThread "Common-Cleaner" daemon [_thread_blocked, id=12992, stack(0x000000d05bc00000,0x000000d05bd00000)]
  0x000002acfd743800 JavaThread "Notification Thread" daemon [_thread_blocked, id=40464, stack(0x000000d05bd00000,0x000000d05be00000)]
  0x000002acfddb4000 JavaThread "RMI TCP Accept-0" daemon [_thread_in_native, id=71932, stack(0x000000d05be00000,0x000000d05bf00000)]
  0x000002acfddfa000 JavaThread "RMI TCP Accept-11435" daemon [_thread_in_native, id=140, stack(0x000000d05bf00000,0x000000d05c000000)]
  0x000002acfddfb000 JavaThread "RMI TCP Accept-0" daemon [_thread_in_native, id=59824, stack(0x000000d05c000000,0x000000d05c100000)]
  0x000002acfdf78000 JavaThread "RMI TCP Connection(1)-127.0.0.1" daemon [_thread_in_native, id=54192, stack(0x000000d05c400000,0x000000d05c500000)]
  0x000002acfdfa1800 JavaThread "RMI Scheduler(0)" daemon [_thread_blocked, id=71200, stack(0x000000d05c500000,0x000000d05c600000)]
  0x000002acfdf7e800 JavaThread "RMI TCP Connection(2)-127.0.0.1" daemon [_thread_in_native, id=37724, stack(0x000000d05c600000,0x000000d05c700000)]
  0x000002acfecad000 JavaThread "JMX server connection timeout 20" daemon [_thread_blocked, id=57860, stack(0x000000d05c700000,0x000000d05c800000)]

Other Threads:
=>0x000002acfcc26000 VMThread "VM Thread" [stack: 0x000000d05b400000,0x000000d05b500000] [id=58148]
  0x000002acfddf1000 WatcherThread [stack: 0x000000d05c100000,0x000000d05c200000] [id=66936]
  0x000002ace55b1800 GCTaskThread "GC Thread#0" [stack: 0x000000d05af00000,0x000000d05b000000] [id=62708]
  0x000002acfdded800 GCTaskThread "GC Thread#1" [stack: 0x000000d05c200000,0x000000d05c300000] [id=10356]
  0x000002acfef74800 GCTaskThread "GC Thread#2" [stack: 0x000000d05c900000,0x000000d05ca00000] [id=15912]
  0x000002acfef1a800 GCTaskThread "GC Thread#3" [stack: 0x000000d05ca00000,0x000000d05cb00000] [id=65284]
  0x000002ace55bc000 ConcurrentGCThread "G1 Main Marker" [stack: 0x000000d05b000000,0x000000d05b100000] [id=53932]
  0x000002ace55be000 ConcurrentGCThread "G1 Conc#0" [stack: 0x000000d05b100000,0x000000d05b200000] [id=3828]
  0x000002ace5613800 ConcurrentGCThread "G1 Refine#0" [stack: 0x000000d05b200000,0x000000d05b300000] [id=46196]
  0x000002acfde74800 ConcurrentGCThread "G1 Refine#1" [stack: 0x000000d05c300000,0x000000d05c400000] [id=3452]
  0x000002ace5614800 ConcurrentGCThread "G1 Young RemSet Sampling" [stack: 0x000000d05b300000,0x000000d05b400000] [id=71132]

Threads with active compile tasks:

VM state:at safepoint (normal execution)

VM Mutex/Monitor currently owned by a thread:  ([mutex/lock_event])
[0x000002ace557add0] Threads_lock - owner thread: 0x000002acfcc26000
[0x000002ace557bac0] Heap_lock - owner thread: 0x000002ace557f000

Heap address: 0x00000000c1e00000, size: 994 MB, Compressed Oops mode: 32-bit
Narrow klass base: 0x0000000000000000, Narrow klass shift: 3
Compressed class space size: 1073741824 Address: 0x0000000100000000

Heap:
 garbage-first heap   total 75776K, used 17705K [0x00000000c1e00000, 0x0000000100000000)
  region size 1024K, 3 young (3072K), 3 survivors (3072K)
 Metaspace       used 28313K, capacity 29268K, committed 29360K, reserved 1075200K
  class space    used 3470K, capacity 3800K, committed 3840K, reserved 1048576K
Heap Regions: E=young(eden), S=young(survivor), O=old, HS=humongous(starts), HC=humongous(continues), CS=collection set, F=free, OA=open archive, CA=closed archive, TAMS=top-at-mark-start (previous, next)
|   0|0x00000000c1e00000, 0x00000000c1f00000, 0x00000000c1f00000|100%|HS|  |TAMS 0x00000000c1f00000, 0x00000000c1e00000| Complete 
|   1|0x00000000c1f00000, 0x00000000c2000000, 0x00000000c2000000|100%|HS|  |TAMS 0x00000000c2000000, 0x00000000c1f00000| Complete 
|   2|0x00000000c2000000, 0x00000000c2100000, 0x00000000c2100000|100%|HS|  |TAMS 0x00000000c2100000, 0x00000000c2000000| Complete 
|   3|0x00000000c2100000, 0x00000000c2200000, 0x00000000c2200000|100%| O|  |TAMS 0x00000000c2200000, 0x00000000c2100000| Untracked 
|   4|0x00000000c2200000, 0x00000000c2300000, 0x00000000c2300000|100%| O|  |TAMS 0x00000000c2300000, 0x00000000c2200000| Untracked 
|   5|0x00000000c2300000, 0x00000000c2400000, 0x00000000c2400000|100%| O|  |TAMS 0x00000000c2400000, 0x00000000c2300000| Untracked 
|   6|0x00000000c2400000, 0x00000000c2500000, 0x00000000c2500000|100%| O|  |TAMS 0x00000000c2500000, 0x00000000c2400000| Untracked 
|   7|0x00000000c2500000, 0x00000000c2600000, 0x00000000c2600000|100%| O|  |TAMS 0x00000000c2600000, 0x00000000c2500000| Untracked 
|   8|0x00000000c2600000, 0x00000000c2700000, 0x00000000c2700000|100%| O|  |TAMS 0x00000000c2700000, 0x00000000c2600000| Untracked 
|   9|0x00000000c2700000, 0x00000000c2800000, 0x00000000c2800000|100%| O|  |TAMS 0x00000000c2800000, 0x00000000c2700000| Untracked 
|  10|0x00000000c2800000, 0x00000000c2900000, 0x00000000c2900000|100%| O|  |TAMS 0x00000000c284e400, 0x00000000c2800000| Untracked 
|  11|0x00000000c2900000, 0x00000000c2936600, 0x00000000c2a00000| 21%| O|  |TAMS 0x00000000c2900000, 0x00000000c2900000| Untracked 
|  12|0x00000000c2a00000, 0x00000000c2b00000, 0x00000000c2b00000|100%| O|  |TAMS 0x00000000c2a00000, 0x00000000c2a00000| Untracked 
|  13|0x00000000c2b00000, 0x00000000c2c00000, 0x00000000c2c00000|100%| O|  |TAMS 0x00000000c2b00000, 0x00000000c2b00000| Untracked 
|  14|0x00000000c2c00000, 0x00000000c2d00000, 0x00000000c2d00000|100%| O|  |TAMS 0x00000000c2c00000, 0x00000000c2c00000| Untracked 
|  15|0x00000000c2d00000, 0x00000000c2d47c00, 0x00000000c2e00000| 28%| O|  |TAMS 0x00000000c2d00000, 0x00000000c2d00000| Untracked 
|  16|0x00000000c2e00000, 0x00000000c2e00000, 0x00000000c2f00000|  0%| F|  |TAMS 0x00000000c2e00000, 0x00000000c2e00000| Untracked 
|  17|0x00000000c2f00000, 0x00000000c2f00000, 0x00000000c3000000|  0%| F|  |TAMS 0x00000000c2f00000, 0x00000000c2f00000| Untracked 
|  18|0x00000000c3000000, 0x00000000c3000000, 0x00000000c3100000|  0%| F|  |TAMS 0x00000000c3000000, 0x00000000c3000000| Untracked 
|  19|0x00000000c3100000, 0x00000000c3100000, 0x00000000c3200000|  0%| F|  |TAMS 0x00000000c3100000, 0x00000000c3100000| Untracked 
|  20|0x00000000c3200000, 0x00000000c3200000, 0x00000000c3300000|  0%| F|  |TAMS 0x00000000c3200000, 0x00000000c3200000| Untracked 
|  21|0x00000000c3300000, 0x00000000c3300000, 0x00000000c3400000|  0%| F|  |TAMS 0x00000000c3300000, 0x00000000c3300000| Untracked 
|  22|0x00000000c3400000, 0x00000000c3400000, 0x00000000c3500000|  0%| F|  |TAMS 0x00000000c3400000, 0x00000000c3400000| Untracked 
|  23|0x00000000c3500000, 0x00000000c3500000, 0x00000000c3600000|  0%| F|  |TAMS 0x00000000c3500000, 0x00000000c3500000| Untracked 
|  24|0x00000000c3600000, 0x00000000c3600000, 0x00000000c3700000|  0%| F|  |TAMS 0x00000000c3600000, 0x00000000c3600000| Untracked 
|  25|0x00000000c3700000, 0x00000000c3700000, 0x00000000c3800000|  0%| F|  |TAMS 0x00000000c3700000, 0x00000000c3700000| Untracked 
|  26|0x00000000c3800000, 0x00000000c3800000, 0x00000000c3900000|  0%| F|  |TAMS 0x00000000c3800000, 0x00000000c3800000| Untracked 
|  27|0x00000000c3900000, 0x00000000c39cc228, 0x00000000c3a00000| 79%| S|CS|TAMS 0x00000000c3900000, 0x00000000c3900000| Complete 
|  28|0x00000000c3a00000, 0x00000000c3b00000, 0x00000000c3b00000|100%| S|CS|TAMS 0x00000000c3a00000, 0x00000000c3a00000| Complete 
|  29|0x00000000c3b00000, 0x00000000c3c00000, 0x00000000c3c00000|100%| S|CS|TAMS 0x00000000c3b00000, 0x00000000c3b00000| Complete 
|  30|0x00000000c3c00000, 0x00000000c3c00000, 0x00000000c3d00000|  0%| F|  |TAMS 0x00000000c3c00000, 0x00000000c3c00000| Untracked 
|  31|0x00000000c3d00000, 0x00000000c3d00000, 0x00000000c3e00000|  0%| F|  |TAMS 0x00000000c3d00000, 0x00000000c3d00000| Untracked 
|  32|0x00000000c3e00000, 0x00000000c3e00000, 0x00000000c3f00000|  0%| F|  |TAMS 0x00000000c3e00000, 0x00000000c3e00000| Untracked 
|  33|0x00000000c3f00000, 0x00000000c3f00000, 0x00000000c4000000|  0%| F|  |TAMS 0x00000000c3f00000, 0x00000000c3f00000| Untracked 
|  34|0x00000000c4000000, 0x00000000c4000000, 0x00000000c4100000|  0%| F|  |TAMS 0x00000000c4000000, 0x00000000c4000000| Untracked 
|  35|0x00000000c4100000, 0x00000000c4100000, 0x00000000c4200000|  0%| F|  |TAMS 0x00000000c4100000, 0x00000000c4100000| Untracked 
|  36|0x00000000c4200000, 0x00000000c4200000, 0x00000000c4300000|  0%| F|  |TAMS 0x00000000c4200000, 0x00000000c4200000| Untracked 
|  37|0x00000000c4300000, 0x00000000c4300000, 0x00000000c4400000|  0%| F|  |TAMS 0x00000000c4300000, 0x00000000c4300000| Untracked 
|  38|0x00000000c4400000, 0x00000000c4400000, 0x00000000c4500000|  0%| F|  |TAMS 0x00000000c4400000, 0x00000000c4400000| Untracked 
|  39|0x00000000c4500000, 0x00000000c4500000, 0x00000000c4600000|  0%| F|  |TAMS 0x00000000c4500000, 0x00000000c4500000| Untracked 
|  40|0x00000000c4600000, 0x00000000c4600000, 0x00000000c4700000|  0%| F|  |TAMS 0x00000000c4600000, 0x00000000c4600000| Untracked 
|  41|0x00000000c4700000, 0x00000000c4700000, 0x00000000c4800000|  0%| F|  |TAMS 0x00000000c4700000, 0x00000000c4700000| Untracked 
|  42|0x00000000c4800000, 0x00000000c4800000, 0x00000000c4900000|  0%| F|  |TAMS 0x00000000c4800000, 0x00000000c4800000| Untracked 
|  43|0x00000000c4900000, 0x00000000c4900000, 0x00000000c4a00000|  0%| F|  |TAMS 0x00000000c4900000, 0x00000000c4900000| Untracked 
|  44|0x00000000c4a00000, 0x00000000c4a00000, 0x00000000c4b00000|  0%| F|  |TAMS 0x00000000c4a00000, 0x00000000c4a00000| Untracked 
|  45|0x00000000c4b00000, 0x00000000c4b00000, 0x00000000c4c00000|  0%| F|  |TAMS 0x00000000c4b00000, 0x00000000c4b00000| Untracked 
|  46|0x00000000c4c00000, 0x00000000c4c00000, 0x00000000c4d00000|  0%| F|  |TAMS 0x00000000c4c00000, 0x00000000c4c00000| Untracked 
|  47|0x00000000c4d00000, 0x00000000c4d00000, 0x00000000c4e00000|  0%| F|  |TAMS 0x00000000c4d00000, 0x00000000c4d00000| Untracked 
|  48|0x00000000c4e00000, 0x00000000c4e00000, 0x00000000c4f00000|  0%| F|  |TAMS 0x00000000c4e00000, 0x00000000c4e00000| Untracked 
|  49|0x00000000c4f00000, 0x00000000c4f00000, 0x00000000c5000000|  0%| F|  |TAMS 0x00000000c4f00000, 0x00000000c4f00000| Untracked 
|  50|0x00000000c5000000, 0x00000000c5000000, 0x00000000c5100000|  0%| F|  |TAMS 0x00000000c5000000, 0x00000000c5000000| Untracked 
|  51|0x00000000c5100000, 0x00000000c5100000, 0x00000000c5200000|  0%| F|  |TAMS 0x00000000c5100000, 0x00000000c5100000| Untracked 
|  52|0x00000000c5200000, 0x00000000c5200000, 0x00000000c5300000|  0%| F|  |TAMS 0x00000000c5200000, 0x00000000c5200000| Untracked 
|  53|0x00000000c5300000, 0x00000000c5300000, 0x00000000c5400000|  0%| F|  |TAMS 0x00000000c5300000, 0x00000000c5300000| Untracked 
|  54|0x00000000c5400000, 0x00000000c5400000, 0x00000000c5500000|  0%| F|  |TAMS 0x00000000c5400000, 0x00000000c5400000| Untracked 
|  55|0x00000000c5500000, 0x00000000c5500000, 0x00000000c5600000|  0%| F|  |TAMS 0x00000000c5500000, 0x00000000c5500000| Untracked 
|  56|0x00000000c5600000, 0x00000000c5600000, 0x00000000c5700000|  0%| F|  |TAMS 0x00000000c5600000, 0x00000000c5600000| Untracked 
|  57|0x00000000c5700000, 0x00000000c5700000, 0x00000000c5800000|  0%| F|  |TAMS 0x00000000c5700000, 0x00000000c5700000| Untracked 
|  58|0x00000000c5800000, 0x00000000c5800000, 0x00000000c5900000|  0%| F|  |TAMS 0x00000000c5800000, 0x00000000c5800000| Untracked 
|  75|0x00000000c6900000, 0x00000000c6900000, 0x00000000c6a00000|  0%| F|  |TAMS 0x00000000c6900000, 0x00000000c6900000| Untracked 
|  76|0x00000000c6a00000, 0x00000000c6a00000, 0x00000000c6b00000|  0%| F|  |TAMS 0x00000000c6a00000, 0x00000000c6a00000| Untracked 

Card table byte_map: [0x000002acf8430000,0x000002acf8630000] _byte_map_base: 0x000002acf7e21000

Marking Bits (Prev, Next): (CMBitMap*) 0x000002ace55b37a8, (CMBitMap*) 0x000002ace55b3768
 Prev Bits: [0x000002acf97c0000, 0x000002acfa748000)
 Next Bits: [0x000002acf8830000, 0x000002acf97b8000)

Polling page: 0x000002ace33d0000

Metaspace:

Usage:
  Non-class:     24.87 MB capacity,    24.26 MB ( 98%) used,   529.89 KB (  2%) free+waste,    95.88 KB ( <1%) overhead. 
      Class:      3.71 MB capacity,     3.39 MB ( 91%) used,   281.04 KB (  7%) free+waste,    48.13 KB (  1%) overhead. 
       Both:     28.58 MB capacity,    27.65 MB ( 97%) used,   810.93 KB (  3%) free+waste,   144.00 KB ( <1%) overhead. 

Virtual space:
  Non-class space:       26.00 MB reserved,      24.92 MB ( 96%) committed 
      Class space:        1.00 GB reserved,       3.75 MB ( <1%) committed 
             Both:        1.03 GB reserved,      28.67 MB (  3%) committed 

Chunk freelists:
   Non-Class:  52.00 KB
       Class:  8.00 KB
        Both:  60.00 KB

MaxMetaspaceSize: 17179869184.00 GB
CompressedClassSpaceSize: 1.00 GB

CodeHeap 'non-profiled nmethods': size=238912Kb used=4890Kb max_used=4890Kb free=234021Kb
 bounds [0x000002ace98e0000, 0x000002ace9db0000, 0x000002acf8230000]
CodeHeap 'non-nmethods': size=6848Kb used=1194Kb max_used=1194Kb free=5654Kb
 bounds [0x000002ace9230000, 0x000002ace94a0000, 0x000002ace98e0000]
 total_blobs=3660 nmethods=3204 adapters=383
 compilation: enabled
              stopped_count=0, restarted_count=0
 full_count=0

Compilation events (20 events):
Event: 5.425 Thread 0x000002acfd589800 3193       1       org.springframework.beans.factory.support.DefaultListableBeanFactory$$Lambda$287/0x000000010026f440::get$Lambda (9 bytes)
Event: 5.426 Thread 0x000002acfd589800 nmethod 3193 0x000002ace9d9e690 code [0x000002ace9d9e820, 0x000002ace9d9e958]
Event: 5.426 Thread 0x000002acfd589800 3194       1       org.springframework.beans.factory.support.DefaultListableBeanFactory$$Lambda$287/0x000000010026f440::<init> (10 bytes)
Event: 5.426 Thread 0x000002acfd589800 nmethod 3194 0x000002ace9d9ea10 code [0x000002ace9d9eba0, 0x000002ace9d9ec98]
Event: 5.428 Thread 0x000002acfd589800 3197       1       org.springframework.beans.factory.support.AbstractBeanDefinition::<init> (461 bytes)
Event: 5.432 Thread 0x000002acfd589800 nmethod 3197 0x000002ace9d9ed10 code [0x000002ace9d9f180, 0x000002ace9da1c88]
Event: 5.432 Thread 0x000002acfd589800 3198       1       org.springframework.beans.factory.support.RootBeanDefinition::setParentName (15 bytes)
Event: 5.432 Thread 0x000002acfd589800 nmethod 3198 0x000002ace9da2a10 code [0x000002ace9da2bc0, 0x000002ace9da2ce8]
Event: 5.432 Thread 0x000002acfd589800 3199       1       org.springframework.beans.factory.support.AbstractBeanDefinition::copyQualifiersFrom (20 bytes)
Event: 5.432 Thread 0x000002acfd589800 nmethod 3199 0x000002ace9da2d90 code [0x000002ace9da2f40, 0x000002ace9da3098]
Event: 5.433 Thread 0x000002acfd589800 3200       1       org.springframework.beans.factory.support.AbstractAutowireCapableBeanFactory::getTypeForFactoryBean (323 bytes)
Event: 5.435 Thread 0x000002acfd589800 nmethod 3200 0x000002ace9da3190 code [0x000002ace9da3540, 0x000002ace9da4618]
Event: 5.435 Thread 0x000002acfd589800 3202   !   1       org.springframework.core.annotation.AnnotationsScanner::processClassHierarchy (227 bytes)
Event: 5.436 Thread 0x000002acfd589800 nmethod 3202 0x000002ace9da4f10 code [0x000002ace9da5160, 0x000002ace9da56e8]
Event: 5.436 Thread 0x000002acfd589800 3201       1       org.springframework.beans.factory.support.AbstractBeanFactory::getTypeForFactoryBeanFromAttributes (41 bytes)
Event: 5.436 Thread 0x000002acfd589800 nmethod 3201 0x000002ace9da5d10 code [0x000002ace9da5ec0, 0x000002ace9da6158]
Event: 5.437 Thread 0x000002acfd589800 3203       1       org.springframework.core.env.PropertySource$StubPropertySource::getProperty (6 bytes)
Event: 5.437 Thread 0x000002acfd589800 nmethod 3203 0x000002ace9da6290 code [0x000002ace9da6420, 0x000002ace9da6508]
Event: 5.440 Thread 0x000002acfd589800 3204       1       org.springframework.core.type.AnnotatedTypeMetadata::getAnnotationAttributes (9 bytes)
Event: 5.440 Thread 0x000002acfd589800 nmethod 3204 0x000002ace9da6590 code [0x000002ace9da6720, 0x000002ace9da6808]

GC Heap History (19 events):
Event: 1.093 GC heap before
{Heap before GC invocations=0 (full 0):
 garbage-first heap   total 65536K, used 15360K [0x00000000c1e00000, 0x0000000100000000)
  region size 1024K, 13 young (13312K), 0 survivors (0K)
 Metaspace       used 11570K, capacity 11777K, committed 12032K, reserved 1060864K
  class space    used 1197K, capacity 1270K, committed 1280K, reserved 1048576K
}
Event: 1.102 GC heap after
{Heap after GC invocations=1 (full 0):
 garbage-first heap   total 65536K, used 10579K [0x00000000c1e00000, 0x0000000100000000)
  region size 1024K, 2 young (2048K), 2 survivors (2048K)
 Metaspace       used 11570K, capacity 11777K, committed 12032K, reserved 1060864K
  class space    used 1197K, capacity 1270K, committed 1280K, reserved 1048576K
}
Event: 1.334 GC heap before
{Heap before GC invocations=1 (full 0):
 garbage-first heap   total 65536K, used 16723K [0x00000000c1e00000, 0x0000000100000000)
  region size 1024K, 8 young (8192K), 2 survivors (2048K)
 Metaspace       used 13727K, capacity 14069K, committed 14080K, reserved 1062912K
  class space    used 1425K, capacity 1528K, committed 1536K, reserved 1048576K
}
Event: 1.342 GC heap after
{Heap after GC invocations=2 (full 0):
 garbage-first heap   total 65536K, used 11539K [0x00000000c1e00000, 0x0000000100000000)
  region size 1024K, 1 young (1024K), 1 survivors (1024K)
 Metaspace       used 13727K, capacity 14069K, committed 14080K, reserved 1062912K
  class space    used 1425K, capacity 1528K, committed 1536K, reserved 1048576K
}
Event: 1.993 GC heap before
{Heap before GC invocations=2 (full 0):
 garbage-first heap   total 65536K, used 28947K [0x00000000c1e00000, 0x0000000100000000)
  region size 1024K, 18 young (18432K), 1 survivors (1024K)
 Metaspace       used 15420K, capacity 15762K, committed 15872K, reserved 1062912K
  class space    used 1665K, capacity 1785K, committed 1792K, reserved 1048576K
}
Event: 1.999 GC heap after
{Heap after GC invocations=3 (full 0):
 garbage-first heap   total 65536K, used 12139K [0x00000000c1e00000, 0x0000000100000000)
  region size 1024K, 2 young (2048K), 2 survivors (2048K)
 Metaspace       used 15420K, capacity 15762K, committed 15872K, reserved 1062912K
  class space    used 1665K, capacity 1785K, committed 1792K, reserved 1048576K
}
Event: 2.946 GC heap before
{Heap before GC invocations=3 (full 0):
 garbage-first heap   total 65536K, used 40811K [0x00000000c1e00000, 0x0000000100000000)
  region size 1024K, 30 young (30720K), 2 survivors (2048K)
 Metaspace       used 18499K, capacity 19015K, committed 19200K, reserved 1067008K
  class space    used 2103K, capacity 2300K, committed 2304K, reserved 1048576K
}
Event: 2.956 GC heap after
{Heap after GC invocations=4 (full 0):
 garbage-first heap   total 65536K, used 13267K [0x00000000c1e00000, 0x0000000100000000)
  region size 1024K, 3 young (3072K), 3 survivors (3072K)
 Metaspace       used 18499K, capacity 19015K, committed 19200K, reserved 1067008K
  class space    used 2103K, capacity 2300K, committed 2304K, reserved 1048576K
}
Event: 3.199 GC heap before
{Heap before GC invocations=4 (full 0):
 garbage-first heap   total 65536K, used 29651K [0x00000000c1e00000, 0x0000000100000000)
  region size 1024K, 21 young (21504K), 3 survivors (3072K)
 Metaspace       used 20633K, capacity 21155K, committed 21296K, reserved 1069056K
  class space    used 2381K, capacity 2613K, committed 2688K, reserved 1048576K
}
Event: 3.206 GC heap after
{Heap after GC invocations=5 (full 0):
 garbage-first heap   total 78848K, used 13873K [0x00000000c1e00000, 0x0000000100000000)
  region size 1024K, 3 young (3072K), 3 survivors (3072K)
 Metaspace       used 20633K, capacity 21155K, committed 21296K, reserved 1069056K
  class space    used 2381K, capacity 2613K, committed 2688K, reserved 1048576K
}
Event: 4.084 GC heap before
{Heap before GC invocations=6 (full 0):
 garbage-first heap   total 58368K, used 56881K [0x00000000c1e00000, 0x0000000100000000)
  region size 1024K, 45 young (46080K), 3 survivors (3072K)
 Metaspace       used 24207K, capacity 24951K, committed 25136K, reserved 1071104K
  class space    used 2876K, capacity 3135K, committed 3200K, reserved 1048576K
}
Event: 4.090 GC heap after
{Heap after GC invocations=7 (full 0):
 garbage-first heap   total 62464K, used 15225K [0x00000000c1e00000, 0x0000000100000000)
  region size 1024K, 4 young (4096K), 4 survivors (4096K)
 Metaspace       used 24207K, capacity 24951K, committed 25136K, reserved 1071104K
  class space    used 2876K, capacity 3135K, committed 3200K, reserved 1048576K
}
Event: 4.105 GC heap before
{Heap before GC invocations=7 (full 0):
 garbage-first heap   total 62464K, used 43897K [0x00000000c1e00000, 0x0000000100000000)
  region size 1024K, 33 young (33792K), 4 survivors (4096K)
 Metaspace       used 24268K, capacity 24951K, committed 25136K, reserved 1071104K
  class space    used 2881K, capacity 3135K, committed 3200K, reserved 1048576K
}
Event: 4.110 GC heap after
{Heap after GC invocations=8 (full 0):
 garbage-first heap   total 62464K, used 15664K [0x00000000c1e00000, 0x0000000100000000)
  region size 1024K, 3 young (3072K), 3 survivors (3072K)
 Metaspace       used 24268K, capacity 24951K, committed 25136K, reserved 1071104K
  class space    used 2881K, capacity 3135K, committed 3200K, reserved 1048576K
}
Event: 4.387 GC heap before
{Heap before GC invocations=8 (full 0):
 garbage-first heap   total 62464K, used 45360K [0x00000000c1e00000, 0x0000000100000000)
  region size 1024K, 33 young (33792K), 3 survivors (3072K)
 Metaspace       used 25478K, capacity 26212K, committed 26288K, reserved 1073152K
  class space    used 3030K, capacity 3299K, committed 3328K, reserved 1048576K
}
Event: 4.393 GC heap after
{Heap after GC invocations=9 (full 0):
 garbage-first heap   total 62464K, used 16201K [0x00000000c1e00000, 0x0000000100000000)
  region size 1024K, 3 young (3072K), 3 survivors (3072K)
 Metaspace       used 25478K, capacity 26212K, committed 26288K, reserved 1073152K
  class space    used 3030K, capacity 3299K, committed 3328K, reserved 1048576K
}
Event: 4.814 GC heap before
{Heap before GC invocations=9 (full 0):
 garbage-first heap   total 62464K, used 47945K [0x00000000c1e00000, 0x0000000100000000)
  region size 1024K, 34 young (34816K), 3 survivors (3072K)
 Metaspace       used 26536K, capacity 27337K, committed 27568K, reserved 1073152K
  class space    used 3195K, capacity 3499K, committed 3584K, reserved 1048576K
}
Event: 4.825 GC heap after
{Heap after GC invocations=10 (full 0):
 garbage-first heap   total 62464K, used 16723K [0x00000000c1e00000, 0x0000000100000000)
  region size 1024K, 3 young (3072K), 3 survivors (3072K)
 Metaspace       used 26536K, capacity 27337K, committed 27568K, reserved 1073152K
  class space    used 3195K, capacity 3499K, committed 3584K, reserved 1048576K
}
Event: 5.442 GC heap before
{Heap before GC invocations=10 (full 0):
 garbage-first heap   total 62464K, used 48467K [0x00000000c1e00000, 0x0000000100000000)
  region size 1024K, 34 young (34816K), 3 survivors (3072K)
 Metaspace       used 28313K, capacity 29268K, committed 29360K, reserved 1075200K
  class space    used 3470K, capacity 3800K, committed 3840K, reserved 1048576K
}

Deoptimization events (2 events):
Event: 5.179 Thread 0x000002ace557f000 DEOPT PACKING pc=0x000002ace9bbf4d4 sp=0x000000d05aefd360
Event: 5.180 Thread 0x000002ace557f000 DEOPT UNPACKING pc=0x000002ace927964e sp=0x000000d05aefc8d8 mode 0

Classes unloaded (0 events):
No events

Classes redefined (0 events):
No events

Internal exceptions (20 events):
Event: 3.462 Thread 0x000002ace557f000 Exception <a 'java/lang/ClassNotFoundException'{0x00000000c3e81718}: org/springframework/beans/factory/support/BeanDefinitionRegistryPostProcessorCustomizer> (0x00000000c3e81718) 
thrown [./open/src/hotspot/share/classfile/systemDictionary.cpp, line 226]
Event: 3.463 Thread 0x000002ace557f000 Exception <a 'java/lang/ClassNotFoundException'{0x00000000c3ea2140}: org/springframework/beans/factory/config/BeanFactoryPostProcessorCustomizer> (0x00000000c3ea2140) 
thrown [./open/src/hotspot/share/classfile/systemDictionary.cpp, line 226]
Event: 3.464 Thread 0x000002ace557f000 Exception <a 'java/lang/ClassNotFoundException'{0x00000000c3ebd4a0}: org/springframework/core/PriorityOrderedCustomizer> (0x00000000c3ebd4a0) 
thrown [./open/src/hotspot/share/classfile/systemDictionary.cpp, line 226]
Event: 3.465 Thread 0x000002ace557f000 Exception <a 'java/lang/ClassNotFoundException'{0x00000000c3ed5710}: org/springframework/core/OrderedCustomizer> (0x00000000c3ed5710) 
thrown [./open/src/hotspot/share/classfile/systemDictionary.cpp, line 226]
Event: 3.468 Thread 0x000002ace557f000 Exception <a 'java/lang/ClassNotFoundException'{0x00000000c3ef1a38}: org/springframework/context/ResourceLoaderAwareCustomizer> (0x00000000c3ef1a38) 
thrown [./open/src/hotspot/share/classfile/systemDictionary.cpp, line 226]
Event: 3.471 Thread 0x000002ace557f000 Exception <a 'java/lang/ClassNotFoundException'{0x00000000c3d0c8f0}: org/springframework/beans/factory/AwareCustomizer> (0x00000000c3d0c8f0) 
thrown [./open/src/hotspot/share/classfile/systemDictionary.cpp, line 226]
Event: 3.473 Thread 0x000002ace557f000 Exception <a 'java/lang/ClassNotFoundException'{0x00000000c3d28de8}: org/springframework/context/ApplicationStartupAwareCustomizer> (0x00000000c3d28de8) 
thrown [./open/src/hotspot/share/classfile/systemDictionary.cpp, line 226]
Event: 3.474 Thread 0x000002ace557f000 Exception <a 'java/lang/ClassNotFoundException'{0x00000000c3d43a20}: org/springframework/beans/factory/AwareCustomizer> (0x00000000c3d43a20) 
thrown [./open/src/hotspot/share/classfile/systemDictionary.cpp, line 226]
Event: 3.475 Thread 0x000002ace557f000 Exception <a 'java/lang/ClassNotFoundException'{0x00000000c3d60980}: org/springframework/beans/factory/BeanClassLoaderAwareCustomizer> (0x00000000c3d60980) 
thrown [./open/src/hotspot/share/classfile/systemDictionary.cpp, line 226]
Event: 3.476 Thread 0x000002ace557f000 Exception <a 'java/lang/ClassNotFoundException'{0x00000000c3d7b358}: org/springframework/beans/factory/AwareCustomizer> (0x00000000c3d7b358) 
thrown [./open/src/hotspot/share/classfile/systemDictionary.cpp, line 226]
Event: 3.477 Thread 0x000002ace557f000 Exception <a 'java/lang/ClassNotFoundException'{0x00000000c3d966c0}: org/springframework/context/EnvironmentAwareCustomizer> (0x00000000c3d966c0) 
thrown [./open/src/hotspot/share/classfile/systemDictionary.cpp, line 226]
Event: 3.478 Thread 0x000002ace557f000 Exception <a 'java/lang/ClassNotFoundException'{0x00000000c3db1010}: org/springframework/beans/factory/AwareCustomizer> (0x00000000c3db1010) 
thrown [./open/src/hotspot/share/classfile/systemDictionary.cpp, line 226]
Event: 3.648 Thread 0x000002acfdf7e800 Exception <a 'java/lang/reflect/InvocationTargetException'{0x00000000c3901e08}> (0x00000000c3901e08) 
thrown [./open/src/hotspot/share/runtime/reflection.cpp, line 1188]
Event: 4.028 Thread 0x000002ace557f000 Exception <a 'java/lang/NoSuchMethodError'{0x00000000c30226a8}: 'int java.lang.invoke.DirectMethodHandle$Holder.invokeSpecialIFC(java.lang.Object, java.lang.Object, java.lang.Object, java.lang.Object)'> (0x00000000c30226a8) 
thrown [./open/src/hotspot/share/interpreter/linkResolver.cpp, line 766]
Event: 4.151 Thread 0x000002acfdf7e800 Exception <a 'java/lang/reflect/InvocationTargetException'{0x00000000c5089740}> (0x00000000c5089740) 
thrown [./open/src/hotspot/share/runtime/reflection.cpp, line 1188]
Event: 4.169 Thread 0x000002ace557f000 Exception <a 'java/lang/IncompatibleClassChangeError'{0x00000000c4e65038}: Found class java.lang.Object, but interface was expected> (0x00000000c4e65038) 
thrown [./open/src/hotspot/share/interpreter/linkResolver.cpp, line 832]
Event: 4.205 Thread 0x000002ace557f000 Exception <a 'java/lang/NoSuchMethodError'{0x00000000c4b44528}: 'void java.lang.invoke.DirectMethodHandle$Holder.invokeInterface(java.lang.Object, java.lang.Object, java.lang.Object, java.lang.Object)'> (0x00000000c4b44528) 
thrown [./open/src/hotspot/share/interpreter/linkResolver.cpp, line 766]
Event: 4.656 Thread 0x000002acfdf7e800 Exception <a 'java/lang/reflect/InvocationTargetException'{0x00000000c4382330}> (0x00000000c4382330) 
thrown [./open/src/hotspot/share/runtime/reflection.cpp, line 1188]
Event: 5.158 Thread 0x000002acfdf7e800 Exception <a 'java/lang/reflect/InvocationTargetException'{0x00000000c4d01e08}> (0x00000000c4d01e08) 
thrown [./open/src/hotspot/share/runtime/reflection.cpp, line 1188]
Event: 5.186 Thread 0x000002ace557f000 Exception <a 'java/lang/NoSuchMethodError'{0x00000000c4c873b0}: 'java.lang.Object java.lang.invoke.DirectMethodHandle$Holder.invokeStatic(java.lang.Object, java.lang.Object, java.lang.Object, java.lang.Object, int)'> (0x00000000c4c873b0) 
thrown [./open/src/hotspot/share/interpreter/linkResolver.cpp, line 766]

Events (20 events):
Event: 5.185 loading class java/util/function/IntFunction done
Event: 5.186 loading class java/util/stream/IntPipeline$1
Event: 5.186 loading class java/util/stream/IntPipeline$1 done
Event: 5.187 loading class java/util/stream/IntPipeline$1$1
Event: 5.187 loading class java/util/stream/IntPipeline$1$1 done
Event: 5.339 loading class java/util/stream/Streams$ConcatSpliterator$OfRef
Event: 5.340 loading class java/util/stream/Streams$ConcatSpliterator
Event: 5.340 loading class java/util/stream/Streams$ConcatSpliterator done
Event: 5.340 loading class java/util/stream/Streams$ConcatSpliterator$OfRef done
Event: 5.340 loading class java/util/stream/Streams$2
Event: 5.340 loading class java/util/stream/Streams$2 done
Event: 5.370 loading class java/util/stream/ReferencePipeline$11
Event: 5.371 loading class java/util/stream/ReferencePipeline$11 done
Event: 5.371 loading class java/util/stream/ReferencePipeline$11$1
Event: 5.371 loading class java/util/stream/ReferencePipeline$11$1 done
Event: 5.373 Executing VM operation: HandshakeAllThreads
Event: 5.373 Executing VM operation: HandshakeAllThreads done
Event: 5.418 Executing VM operation: ICBufferFull
Event: 5.418 Executing VM operation: ICBufferFull done
Event: 5.442 Executing VM operation: G1CollectForAllocation


Dynamic libraries:
0x00007ff7d7f70000 - 0x00007ff7d7f7d000 	D:\springboot\sts-4.8.0.RELEASE\plugins\org.eclipse.justj.openjdk.hotspot.jre.full.win32.x86_64_14.0.2.v20200815-0932\jre\bin\javaw.exe
0x00007ff85dc60000 - 0x00007ff85de50000 	C:\WINDOWS\SYSTEM32\ntdll.dll
0x00007ff85bf40000 - 0x00007ff85bff2000 	C:\WINDOWS\System32\KERNEL32.DLL
0x00007ff85b7d0000 - 0x00007ff85ba75000 	C:\WINDOWS\System32\KERNELBASE.dll
0x00007ff85b6a0000 - 0x00007ff85b79a000 	C:\WINDOWS\System32\ucrtbase.dll
0x00007ff84a4f0000 - 0x00007ff84a505000 	D:\springboot\sts-4.8.0.RELEASE\plugins\org.eclipse.justj.openjdk.hotspot.jre.full.win32.x86_64_14.0.2.v20200815-0932\jre\bin\VCRUNTIME140.dll
0x00007ff84a610000 - 0x00007ff84a628000 	D:\springboot\sts-4.8.0.RELEASE\plugins\org.eclipse.justj.openjdk.hotspot.jre.full.win32.x86_64_14.0.2.v20200815-0932\jre\bin\jli.dll
0x00007ff85c820000 - 0x00007ff85c9b4000 	C:\WINDOWS\System32\USER32.dll
0x00007ff85ad10000 - 0x00007ff85ad31000 	C:\WINDOWS\System32\win32u.dll
0x00007ff85c0a0000 - 0x00007ff85c0c6000 	C:\WINDOWS\System32\GDI32.dll
0x00007ff85bbf0000 - 0x00007ff85bd88000 	C:\WINDOWS\System32\gdi32full.dll
0x00007ff85ad40000 - 0x00007ff85adde000 	C:\WINDOWS\System32\msvcp_win.dll
0x00007ff84b620000 - 0x00007ff84b8a4000 	C:\WINDOWS\WinSxS\amd64_microsoft.windows.common-controls_6595b64144ccf1df_6.0.18362.1316_none_9e7a364fe461dbd7\COMCTL32.dll
0x00007ff85c1b0000 - 0x00007ff85c24e000 	C:\WINDOWS\System32\msvcrt.dll
0x00007ff85ce00000 - 0x00007ff85d137000 	C:\WINDOWS\System32\combase.dll
0x00007ff85cc80000 - 0x00007ff85cd9f000 	C:\WINDOWS\System32\RPCRT4.dll
0x00007ff85b610000 - 0x00007ff85b691000 	C:\WINDOWS\System32\bcryptPrimitives.dll
0x00007ff85db80000 - 0x00007ff85dbae000 	C:\WINDOWS\System32\IMM32.DLL
0x00007ff82c3b0000 - 0x00007ff82c44b000 	D:\springboot\sts-4.8.0.RELEASE\plugins\org.eclipse.justj.openjdk.hotspot.jre.full.win32.x86_64_14.0.2.v20200815-0932\jre\bin\msvcp140.dll
0x00007ff807210000 - 0x00007ff807d2e000 	D:\springboot\sts-4.8.0.RELEASE\plugins\org.eclipse.justj.openjdk.hotspot.jre.full.win32.x86_64_14.0.2.v20200815-0932\jre\bin\server\jvm.dll
0x00007ff85c9c0000 - 0x00007ff85ca63000 	C:\WINDOWS\System32\ADVAPI32.dll
0x00007ff85c000000 - 0x00007ff85c097000 	C:\WINDOWS\System32\sechost.dll
0x00007ff85c0d0000 - 0x00007ff85c0d8000 	C:\WINDOWS\System32\PSAPI.DLL
0x00007ff857c60000 - 0x00007ff857c84000 	C:\WINDOWS\SYSTEM32\WINMM.dll
0x00007ff8459e0000 - 0x00007ff8459e9000 	C:\WINDOWS\SYSTEM32\WSOCK32.dll
0x00007ff857c30000 - 0x00007ff857c5d000 	C:\WINDOWS\SYSTEM32\WINMMBASE.dll
0x00007ff85ae40000 - 0x00007ff85ae8a000 	C:\WINDOWS\System32\cfgmgr32.dll
0x00007ff85d2e0000 - 0x00007ff85d34f000 	C:\WINDOWS\System32\WS2_32.dll
0x00007ff84ccb0000 - 0x00007ff84ccba000 	C:\WINDOWS\SYSTEM32\VERSION.dll
0x00007ff85aba0000 - 0x00007ff85abb1000 	C:\WINDOWS\System32\kernel.appcore.dll
0x00007ff856a40000 - 0x00007ff856a4a000 	D:\springboot\sts-4.8.0.RELEASE\plugins\org.eclipse.justj.openjdk.hotspot.jre.full.win32.x86_64_14.0.2.v20200815-0932\jre\bin\jimage.dll
0x00007ff859550000 - 0x00007ff859744000 	C:\WINDOWS\SYSTEM32\DBGHELP.DLL
0x00007ff846d30000 - 0x00007ff846d5a000 	C:\WINDOWS\SYSTEM32\dbgcore.DLL
0x00007ff853240000 - 0x00007ff853265000 	D:\springboot\sts-4.8.0.RELEASE\plugins\org.eclipse.justj.openjdk.hotspot.jre.full.win32.x86_64_14.0.2.v20200815-0932\jre\bin\java.dll
0x00007ff854d50000 - 0x00007ff854d66000 	D:\springboot\sts-4.8.0.RELEASE\plugins\org.eclipse.justj.openjdk.hotspot.jre.full.win32.x86_64_14.0.2.v20200815-0932\jre\bin\zip.dll
0x00007ff85d350000 - 0x00007ff85da38000 	C:\WINDOWS\System32\SHELL32.dll
0x00007ff85cb40000 - 0x00007ff85cbe7000 	C:\WINDOWS\System32\shcore.dll
0x00007ff85ae90000 - 0x00007ff85b60b000 	C:\WINDOWS\System32\windows.storage.dll
0x00007ff85abc0000 - 0x00007ff85abe3000 	C:\WINDOWS\System32\profapi.dll
0x00007ff85abf0000 - 0x00007ff85ac3a000 	C:\WINDOWS\System32\powrprof.dll
0x00007ff85ab90000 - 0x00007ff85aba0000 	C:\WINDOWS\System32\UMPDC.dll
0x00007ff85c150000 - 0x00007ff85c1a2000 	C:\WINDOWS\System32\shlwapi.dll
0x00007ff85ba80000 - 0x00007ff85ba97000 	C:\WINDOWS\System32\cryptsp.dll
0x00007ff853220000 - 0x00007ff853239000 	D:\springboot\sts-4.8.0.RELEASE\plugins\org.eclipse.justj.openjdk.hotspot.jre.full.win32.x86_64_14.0.2.v20200815-0932\jre\bin\net.dll
0x00007ff84ba50000 - 0x00007ff84bb40000 	C:\WINDOWS\SYSTEM32\WINHTTP.dll
0x00007ff85a370000 - 0x00007ff85a3d7000 	C:\WINDOWS\system32\mswsock.dll
0x00007ff8531c0000 - 0x00007ff8531d2000 	D:\springboot\sts-4.8.0.RELEASE\plugins\org.eclipse.justj.openjdk.hotspot.jre.full.win32.x86_64_14.0.2.v20200815-0932\jre\bin\nio.dll
0x00007ff854ea0000 - 0x00007ff854ea9000 	D:\springboot\sts-4.8.0.RELEASE\plugins\org.eclipse.justj.openjdk.hotspot.jre.full.win32.x86_64_14.0.2.v20200815-0932\jre\bin\management.dll
0x00007ff854cf0000 - 0x00007ff854cfb000 	D:\springboot\sts-4.8.0.RELEASE\plugins\org.eclipse.justj.openjdk.hotspot.jre.full.win32.x86_64_14.0.2.v20200815-0932\jre\bin\management_ext.dll
0x00007ff8459c0000 - 0x00007ff8459d6000 	C:\WINDOWS\system32\napinsp.dll
0x00007ff8459a0000 - 0x00007ff8459ba000 	C:\WINDOWS\system32\pnrpnsp.dll
0x00007ff85a0c0000 - 0x00007ff85a18b000 	C:\WINDOWS\SYSTEM32\DNSAPI.dll
0x00007ff85cbf0000 - 0x00007ff85cbf8000 	C:\WINDOWS\System32\NSI.dll
0x00007ff85a080000 - 0x00007ff85a0ba000 	C:\WINDOWS\SYSTEM32\IPHLPAPI.DLL
0x00007ff845990000 - 0x00007ff84599e000 	C:\WINDOWS\System32\winrnr.dll
0x00007ff8569b0000 - 0x00007ff8569cc000 	C:\WINDOWS\system32\NLAapi.dll
0x00007ff856040000 - 0x00007ff856055000 	C:\WINDOWS\system32\wshbth.dll
0x00007ff849c10000 - 0x00007ff849c1a000 	C:\Windows\System32\rasadhlp.dll
0x00007ff84bf00000 - 0x00007ff84bf77000 	C:\WINDOWS\System32\fwpuclnt.dll
0x00007ff85b7a0000 - 0x00007ff85b7c6000 	C:\WINDOWS\System32\bcrypt.dll
0x00007ff859ef0000 - 0x00007ff859f23000 	C:\WINDOWS\system32\rsaenh.dll
0x00007ff85aab0000 - 0x00007ff85aad5000 	C:\WINDOWS\SYSTEM32\USERENV.dll
0x00007ff85a540000 - 0x00007ff85a54c000 	C:\WINDOWS\SYSTEM32\CRYPTBASE.dll
0x00007ff84cc50000 - 0x00007ff84cc66000 	C:\WINDOWS\SYSTEM32\dhcpcsvc6.DLL
0x00007ff84d240000 - 0x00007ff84d25c000 	C:\WINDOWS\SYSTEM32\dhcpcsvc.DLL

dbghelp: loaded successfully - version: 4.0.5 - missing functions: none
symbol engine: initialized successfully - sym options: 0x614 - pdb path: .;D:\springboot\sts-4.8.0.RELEASE\plugins\org.eclipse.justj.openjdk.hotspot.jre.full.win32.x86_64_14.0.2.v20200815-0932\jre\bin;C:\WINDOWS\SYSTEM32;C:\WINDOWS\WinSxS\amd64_microsoft.windows.common-controls_6595b64144ccf1df_6.0.18362.1316_none_9e7a364fe461dbd7;D:\springboot\sts-4.8.0.RELEASE\plugins\org.eclipse.justj.openjdk.hotspot.jre.full.win32.x86_64_14.0.2.v20200815-0932\jre\bin\server

VM Arguments:
jvm_args: -Dcom.sun.management.jmxremote -Dcom.sun.management.jmxremote.port=11435 -Dcom.sun.management.jmxremote.authenticate=false -Dcom.sun.management.jmxremote.ssl=false -Djava.rmi.server.hostname=localhost -Dspring.jmx.enabled=true -Dspring.application.admin.enabled=true -Xverify:none -XX:TieredStopAtLevel=1 -Dspring.boot.project.name=paaspay -Dfile.encoding=UTF-8 -XX:+ShowCodeDetailsInExceptionMessages 
java_command: passway.technology.paaspay.PaaspayApplication --spring.output.ansi.enabled=always
java_class_path (initial): D:\sprin-boot-files\paaspay\target\classes;C:\Users\USER-PC\.m2\repository\com\africastalking\core\3.4.6\core-3.4.6.jar;C:\Users\USER-PC\.m2\repository\org\apache\commons\commons-csv\1.8\commons-csv-1.8.jar;C:\Users\USER-PC\.m2\repository\org\apache\poi\poi-ooxml\4.1.2\poi-ooxml-4.1.2.jar;C:\Users\USER-PC\.m2\repository\org\apache\poi\poi\4.1.2\poi-4.1.2.jar;C:\Users\USER-PC\.m2\repository\commons-codec\commons-codec\1.15\commons-codec-1.15.jar;C:\Users\USER-PC\.m2\repository\org\apache\commons\commons-collections4\4.4\commons-collections4-4.4.jar;C:\Users\USER-PC\.m2\repository\org\apache\commons\commons-math3\3.6.1\commons-math3-3.6.1.jar;C:\Users\USER-PC\.m2\repository\com\zaxxer\SparseBitSet\1.2\SparseBitSet-1.2.jar;C:\Users\USER-PC\.m2\repository\org\apache\poi\poi-ooxml-schemas\4.1.2\poi-ooxml-schemas-4.1.2.jar;C:\Users\USER-PC\.m2\repository\org\apache\xmlbeans\xmlbeans\3.1.0\xmlbeans-3.1.0.jar;C:\Users\USER-PC\.m2\repository\org\apache\commons\commons-compress\1.19\commons-compress-1.19.jar;C:\Users\USER-PC\.m2\repository\com\github\virtuald\curvesapi\1.06\curvesapi-1.06.jar;C:\Users\USER-PC\.m2\repository\org\javers\javers-spring-boot-starter-mongo\5.13.2\javers-spring-boot-starter-mongo-5.13.2.jar;C:\Users\USER-PC\.m2\repository\org\javers\javers-spring-mongo\5.13.2\javers-spring-mongo-5.13.2.jar;C:\Users\USER-PC\.m2\repository\org\javers\javers-spring\5.13.2\javers-spring-5.13.2.jar;C:\Users\USER-PC\.m2\repository\org\jboss\spec\javax\transaction\jboss-transaction-api_1.2_spec\1.1.1.Final\jboss-transaction-api_1.2_spec-1.1.1.Final.jar;C:\Users\USER-PC\.m2\repository\org\javers\javers-persistence-mongo\5.13.2\javers-persistence-mongo-5.13.2.jar;C:\Users\USER-PC\.m2\repository\org\javers\javers-core\5.13.2\javers-core-5.13.2.jar;C:\Users\USER-PC\.m2\repository\com\google\code\gson\gson\2.8.6\gson-2.8.6.jar;C:\Users\USER-PC\.m2\repository\org\picocontainer\picocontainer\2.15\picocontainer-2.15.jar;C:\Users\USER-PC\.m2\repository\
Launcher Type: SUN_STANDARD

[Global flags]
     intx CICompilerCount                          = 3                                         {product} {ergonomic}
     uint ConcGCThreads                            = 1                                         {product} {ergonomic}
     uint G1ConcRefinementThreads                  = 4                                         {product} {ergonomic}
   size_t G1HeapRegionSize                         = 1048576                                   {product} {ergonomic}
    uintx GCDrainStackTargetSize                   = 64                                        {product} {ergonomic}
   size_t InitialHeapSize                          = 67108864                                  {product} {ergonomic}
     bool ManagementServer                         = true                                      {product} {command line}
   size_t MarkStackSize                            = 4194304                                   {product} {ergonomic}
   size_t MaxHeapSize                              = 1042284544                                {product} {ergonomic}
   size_t MaxNewSize                               = 624951296                                 {product} {ergonomic}
   size_t MinHeapDeltaBytes                        = 1048576                                   {product} {ergonomic}
   size_t MinHeapSize                              = 8388608                                   {product} {ergonomic}
    uintx NonNMethodCodeHeapSize                   = 6973028                                {pd product} {ergonomic}
    uintx NonProfiledCodeHeapSize                  = 244685212                              {pd product} {ergonomic}
    uintx ProfiledCodeHeapSize                     = 0                                      {pd product} {ergonomic}
    uintx ReservedCodeCacheSize                    = 251658240                              {pd product} {ergonomic}
     bool SegmentedCodeCache                       = true                                      {product} {ergonomic}
     bool ShowCodeDetailsInExceptionMessages       = true                                   {manageable} {command line}
   size_t SoftMaxHeapSize                          = 1042284544                             {manageable} {ergonomic}
     intx TieredStopAtLevel                        = 1                                         {product} {command line}
     bool UseCompressedClassPointers               = true                                 {lp64_product} {ergonomic}
     bool UseCompressedOops                        = true                                 {lp64_product} {ergonomic}
     bool UseG1GC                                  = true                                      {product} {ergonomic}
     bool UseLargePagesIndividualAllocation        = false                                  {pd product} {ergonomic}

Logging:
Log output configuration:
 #0: stdout all=warning uptime,level,tags
 #1: stderr all=off uptime,level,tags

Environment Variables:
JAVA_HOME=C:\Program Files\java\java-1.8.0
PATH=D:/springboot/sts-4.8.0.RELEASE//plugins/org.eclipse.justj.openjdk.hotspot.jre.full.win32.x86_64_14.0.2.v20200815-0932/jre/bin/server;D:/springboot/sts-4.8.0.RELEASE//plugins/org.eclipse.justj.openjdk.hotspot.jre.full.win32.x86_64_14.0.2.v20200815-0932/jre/bin;C:\Program Files (x86)\SemanticDesigns\DMS\Executables;C:\Program Files (x86)\SemanticDesigns\DMS\Domains\Parlanse\Tools\RunTimeSystem;C:\WINDOWS\system32;C:\WINDOWS;C:\WINDOWS\System32\Wbem;C:\WINDOWS\System32\WindowsPowerShell\v1.0\;C:\xampp\php;C:\composer;C:\Program Files (x86)\Git\cmd;C:\Program Files\nodejs\;C:\WINDOWS\System32\OpenSSH\;C:\Program Files (x86)\Microsoft VS Code\bin;C:\Program Files\PuTTY\;C:\Program Files (x86)\EShare\;C:\Program Files\java\java-1.8.0\bin;C:\Program Files\MySQL\MySQL Shell 8.0\bin\;C:\Users\USER-PC\.cargo\bin;C:\Program Files (x86)\Microsoft VS Code\bin;C:\Users\USER-PC\AppData\Roaming\Composer\vendor\bin;C:\Users\USER-PC\AppData\Local\atom\bin;C:\Users\USER-PC\AppData\Roaming\npm;C:\Users\USER-PC\AppData\Local\Microsoft\WindowsApps;;D:\springboot\sts-4.8.0.RELEASE;
USERNAME=USER-PC
OS=Windows_NT
PROCESSOR_IDENTIFIER=Intel64 Family 6 Model 61 Stepping 4, GenuineIntel



---------------  S Y S T E M  ---------------

OS: Windows 10 , 64 bit Build 18362 (10.0.18362.1316)
OS uptime: 6 days 5:38 hours

CPU:total 4 (initial active 4) (2 cores per cpu, 2 threads per core) family 6 model 61 stepping 4, cmov, cx8, fxsr, mmx, sse, sse2, sse3, ssse3, sse4.1, sse4.2, popcnt, avx, avx2, aes, clmul, erms, rtm, 3dnowpref, lzcnt, ht, tsc, tscinvbit, bmi1, bmi2, adx, fma

Memory: 4k page, system-wide physical 3971M (306M free)
TotalPageFile size 15844M (AvailPageFile size 4M)
current process WorkingSet (physical memory assigned to process): 140M, peak: 140M
current process commit charge ("private bytes"): 170M, peak: 183M

vm_info: OpenJDK 64-Bit Server VM (14.0.2+12-46) for windows-amd64 JRE (14.0.2+12-46), built on Jul  9 2020 00:31:16 by "mach5one" with MS VC++ 15.9 (VS2017)

END.
